npm install     
npm WARN ERESOLVE overriding peer dependency
npm WARN While resolving: react-inspector@5.1.1
npm WARN Found: react@18.2.0
npm WARN node_modules/react
npm WARN   react@"18.2.0" from the root project
npm WARN   156 more (@callstack/reassure-measure, ...)
npm WARN 
npm WARN Could not resolve dependency:
npm WARN peer react@"^16.8.4 || ^17.0.0" from react-inspector@5.1.1
npm WARN node_modules/@storybook/addon-actions/node_modules/react-inspector
npm WARN   react-inspector@"^5.1.0" from @storybook/addon-actions@6.5.10
npm WARN   node_modules/@storybook/addon-actions
npm WARN 
npm WARN Conflicting peer dependency: react@17.0.2
npm WARN node_modules/react
npm WARN   peer react@"^16.8.4 || ^17.0.0" from react-inspector@5.1.1
npm WARN   node_modules/@storybook/addon-actions/node_modules/react-inspector
npm WARN     react-inspector@"^5.1.0" from @storybook/addon-actions@6.5.10
npm WARN     node_modules/@storybook/addon-actions
npm WARN ERESOLVE overriding peer dependency
npm WARN While resolving: @mdx-js/react@1.6.22
npm WARN Found: react@18.2.0
npm WARN node_modules/react
npm WARN   react@"18.2.0" from the root project
npm WARN   156 more (@callstack/reassure-measure, ...)
npm WARN 
npm WARN Could not resolve dependency:
npm WARN peer react@"^16.13.1 || ^17.0.0" from @mdx-js/react@1.6.22
npm WARN node_modules/@storybook/addon-docs/node_modules/@mdx-js/react
npm WARN   @mdx-js/react@"^1.6.22" from @storybook/addon-docs@6.5.10
npm WARN   node_modules/@storybook/addon-docs
npm WARN 
npm WARN Conflicting peer dependency: react@17.0.2
npm WARN node_modules/react
npm WARN   peer react@"^16.13.1 || ^17.0.0" from @mdx-js/react@1.6.22
npm WARN   node_modules/@storybook/addon-docs/node_modules/@mdx-js/react
npm WARN     @mdx-js/react@"^1.6.22" from @storybook/addon-docs@6.5.10
npm WARN     node_modules/@storybook/addon-docs
npm WARN ERESOLVE overriding peer dependency
npm WARN While resolving: react-element-to-jsx-string@14.3.4
npm WARN Found: react@18.2.0
npm WARN node_modules/react
npm WARN   react@"18.2.0" from the root project
npm WARN   156 more (@callstack/reassure-measure, ...)
npm WARN 
npm WARN Could not resolve dependency:
npm WARN peer react@"^0.14.8 || ^15.0.1 || ^16.0.0 || ^17.0.1" from react-element-to-jsx-string@14.3.4
npm WARN node_modules/@storybook/react/node_modules/react-element-to-jsx-string
npm WARN   react-element-to-jsx-string@"^14.3.4" from @storybook/react@6.5.10
npm WARN   node_modules/@storybook/react
npm WARN 
npm WARN Conflicting peer dependency: react@17.0.2
npm WARN node_modules/react
npm WARN   peer react@"^0.14.8 || ^15.0.1 || ^16.0.0 || ^17.0.1" from react-element-to-jsx-string@14.3.4
npm WARN   node_modules/@storybook/react/node_modules/react-element-to-jsx-string
npm WARN     react-element-to-jsx-string@"^14.3.4" from @storybook/react@6.5.10
npm WARN     node_modules/@storybook/react
npm WARN ERESOLVE overriding peer dependency
npm WARN While resolving: react-element-to-jsx-string@14.3.4
npm WARN Found: react-dom@18.1.0
npm WARN node_modules/react-dom
npm WARN   react-dom@"18.1.0" from the root project
npm WARN   103 more (@expensify/react-native-web, @storybook/addon-a11y, ...)
npm WARN 
npm WARN Could not resolve dependency:
npm WARN peer react-dom@"^0.14.8 || ^15.0.1 || ^16.0.0 || ^17.0.1" from react-element-to-jsx-string@14.3.4
npm WARN node_modules/@storybook/react/node_modules/react-element-to-jsx-string
npm WARN   react-element-to-jsx-string@"^14.3.4" from @storybook/react@6.5.10
npm WARN   node_modules/@storybook/react
npm WARN 
npm WARN Conflicting peer dependency: react-dom@17.0.2
npm WARN node_modules/react-dom
npm WARN   peer react-dom@"^0.14.8 || ^15.0.1 || ^16.0.0 || ^17.0.1" from react-element-to-jsx-string@14.3.4
npm WARN   node_modules/@storybook/react/node_modules/react-element-to-jsx-string
npm WARN     react-element-to-jsx-string@"^14.3.4" from @storybook/react@6.5.10
npm WARN     node_modules/@storybook/react
npm ERR! code EBADENGINE
npm ERR! engine Unsupported engine
npm ERR! engine Not compatible with your version of node/npm: react-native-onyx@1.0.43
npm ERR! notsup Not compatible with your version of node/npm: react-native-onyx@1.0.43
npm ERR! notsup Required: {"node":"16.15.1","npm":"8.11.0"}
npm ERR! notsup Actual:   {"npm":"8.19.4","node":"v16.20.0"}

npm ERR! A complete log of this run can be found in:
npm ERR!     ~/.npm/_logs/2023-06-05T10_47_24_903Z-debug-0.log

nvm install
Found '~/dev/github/docker-wordpress/App/.nvmrc' with version <16.15.1>
Downloading and installing node v16.15.1...
Downloading https://nodejs.org/dist/v16.15.1/node-v16.15.1-darwin-x64.tar.xz...
######################################################################################### 100.0%
Computing checksum with shasum -a 256
Checksums matched!
Now using node v16.15.1 (npm v8.11.0)
Creating default alias: default -> 16.15.1 (-> v16.15.1)

nvm ls
->     v16.15.1
         system
default -> 16.15.1 (-> v16.15.1)
iojs -> N/A (default)
unstable -> N/A (default)
node -> stable (-> v16.15.1) (default)
stable -> 16.15 (-> v16.15.1) (default)
lts/* -> lts/hydrogen (-> N/A)
lts/argon -> v4.9.1 (-> N/A)
lts/boron -> v6.17.1 (-> N/A)
lts/carbon -> v8.17.0 (-> N/A)
lts/dubnium -> v10.24.1 (-> N/A)
lts/erbium -> v12.22.12 (-> N/A)
lts/fermium -> v14.21.3 (-> N/A)
lts/gallium -> v16.20.0 (-> N/A)
lts/hydrogen -> v18.16.0 (-> N/A)

npm config get registry
https://registry.npmjs.org/

cat ~/.npmrc
//registry.npmjs.org/:_authToken=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

npm install --registry=http://registry.npmmirror.com 
 
npm WARN ERESOLVE overriding peer dependency
npm WARN While resolving: react-inspector@5.1.1
npm WARN Found: react@18.2.0
npm WARN node_modules/react
npm WARN   react@"18.2.0" from the root project
npm WARN   156 more (@callstack/reassure-measure, ...)
npm WARN 
npm WARN Could not resolve dependency:
npm WARN peer react@"^16.8.4 || ^17.0.0" from react-inspector@5.1.1
npm WARN node_modules/@storybook/addon-actions/node_modules/react-inspector
npm WARN   react-inspector@"^5.1.0" from @storybook/addon-actions@6.5.10
npm WARN   node_modules/@storybook/addon-actions
npm WARN 
npm WARN Conflicting peer dependency: react@17.0.2
npm WARN node_modules/react
npm WARN   peer react@"^16.8.4 || ^17.0.0" from react-inspector@5.1.1
npm WARN   node_modules/@storybook/addon-actions/node_modules/react-inspector
npm WARN     react-inspector@"^5.1.0" from @storybook/addon-actions@6.5.10
npm WARN     node_modules/@storybook/addon-actions
npm WARN ERESOLVE overriding peer dependency
npm WARN While resolving: @mdx-js/react@1.6.22
npm WARN Found: react@18.2.0
npm WARN node_modules/react
npm WARN   react@"18.2.0" from the root project
npm WARN   156 more (@callstack/reassure-measure, ...)
npm WARN 
npm WARN Could not resolve dependency:
npm WARN peer react@"^16.13.1 || ^17.0.0" from @mdx-js/react@1.6.22
npm WARN node_modules/@storybook/addon-docs/node_modules/@mdx-js/react
npm WARN   @mdx-js/react@"^1.6.22" from @storybook/addon-docs@6.5.10
npm WARN   node_modules/@storybook/addon-docs
npm WARN 
npm WARN Conflicting peer dependency: react@17.0.2
npm WARN node_modules/react
npm WARN   peer react@"^16.13.1 || ^17.0.0" from @mdx-js/react@1.6.22
npm WARN   node_modules/@storybook/addon-docs/node_modules/@mdx-js/react
npm WARN     @mdx-js/react@"^1.6.22" from @storybook/addon-docs@6.5.10
npm WARN     node_modules/@storybook/addon-docs
npm WARN ERESOLVE overriding peer dependency
npm WARN While resolving: react-element-to-jsx-string@14.3.4
npm WARN Found: react@18.2.0
npm WARN node_modules/react
npm WARN   react@"18.2.0" from the root project
npm WARN   156 more (@callstack/reassure-measure, ...)
npm WARN 
npm WARN Could not resolve dependency:
npm WARN peer react@"^0.14.8 || ^15.0.1 || ^16.0.0 || ^17.0.1" from react-element-to-jsx-string@14.3.4
npm WARN node_modules/@storybook/react/node_modules/react-element-to-jsx-string
npm WARN   react-element-to-jsx-string@"^14.3.4" from @storybook/react@6.5.10
npm WARN   node_modules/@storybook/react
npm WARN 
npm WARN Conflicting peer dependency: react@17.0.2
npm WARN node_modules/react
npm WARN   peer react@"^0.14.8 || ^15.0.1 || ^16.0.0 || ^17.0.1" from react-element-to-jsx-string@14.3.4
npm WARN   node_modules/@storybook/react/node_modules/react-element-to-jsx-string
npm WARN     react-element-to-jsx-string@"^14.3.4" from @storybook/react@6.5.10
npm WARN     node_modules/@storybook/react
npm WARN ERESOLVE overriding peer dependency
npm WARN While resolving: react-element-to-jsx-string@14.3.4
npm WARN Found: react-dom@18.1.0
npm WARN node_modules/react-dom
npm WARN   react-dom@"18.1.0" from the root project
npm WARN   103 more (@expensify/react-native-web, @storybook/addon-a11y, ...)
npm WARN 
npm WARN Could not resolve dependency:
npm WARN peer react-dom@"^0.14.8 || ^15.0.1 || ^16.0.0 || ^17.0.1" from react-element-to-jsx-string@14.3.4
npm WARN node_modules/@storybook/react/node_modules/react-element-to-jsx-string
npm WARN   react-element-to-jsx-string@"^14.3.4" from @storybook/react@6.5.10
npm WARN   node_modules/@storybook/react
npm WARN 
npm WARN Conflicting peer dependency: react-dom@17.0.2
npm WARN node_modules/react-dom
npm WARN   peer react-dom@"^0.14.8 || ^15.0.1 || ^16.0.0 || ^17.0.1" from react-element-to-jsx-string@14.3.4
npm WARN   node_modules/@storybook/react/node_modules/react-element-to-jsx-string
npm WARN     react-element-to-jsx-string@"^14.3.4" from @storybook/react@6.5.10
npm WARN     node_modules/@storybook/react
npm WARN skipping integrity check for git dependency ssh://git@github.com/Expensify/simply-deferred.git 
npm WARN skipping integrity check for git dependency ssh://git@github.com/Expensify/react-native-picker-select.git 
npm WARN skipping integrity check for git dependency ssh://git@github.com/Expensify/react-native-image-size.git 
npm WARN skipping integrity check for git dependency ssh://git@github.com/Expensify/react-native-google-places-autocomplete.git 
npm WARN skipping integrity check for git dependency ssh://git@github.com/Expensify/expensify-common.git 
npm WARN skipping integrity check for git dependency ssh://git@github.com/Expensify/react-native-image-manipulator.git 
npm ERR! code ERR_SOCKET_TIMEOUT
npm ERR! network Socket timeout
npm ERR! network This is a problem related to network connectivity.
npm ERR! network In most cases you are behind a proxy or have bad network settings.
npm ERR! network 
npm ERR! network If you are behind a proxy, please make sure that the
npm ERR! network 'proxy' config is set properly.  See: 'npm help config'

npm ERR! A complete log of this run can be found in:
npm ERR!     ~/.npm/_logs/2023-06-06T03_34_01_371Z-debug-0.log

npm install -g http-proxy-to-socks
npm WARN config global `--global`, `--local` are deprecated. Use `--location=global` instead.
npm WARN deprecated socks@1.1.10: If using 2.x branch, please upgrade to at least 2.1.6 to avoid a serious bug with socket data flow and an import issue introduced in 2.1.0

added 40 packages, and audited 41 packages in 14s

2 packages are looking for funding
  run `npm fund` for details

found 0 vulnerabilities

which hpts
~/.nvm/versions/node/v16.15.1/bin/hpts

hpts -s localhost:1080 -p 8002
SOCKS: localhost:1080
http-proxy listening: 127.0.0.1:8002

npm install --registry=https://registry.npmmirror.com
npm WARN ERESOLVE overriding peer dependency
npm WARN While resolving: react-inspector@5.1.1
npm WARN Found: react@18.2.0
npm WARN node_modules/react
npm WARN   react@"18.2.0" from the root project
npm WARN   156 more (@callstack/reassure-measure, ...)
npm WARN 
npm WARN Could not resolve dependency:
npm WARN peer react@"^16.8.4 || ^17.0.0" from react-inspector@5.1.1
npm WARN node_modules/@storybook/addon-actions/node_modules/react-inspector
npm WARN   react-inspector@"^5.1.0" from @storybook/addon-actions@6.5.10
npm WARN   node_modules/@storybook/addon-actions
npm WARN 
npm WARN Conflicting peer dependency: react@17.0.2
npm WARN node_modules/react
npm WARN   peer react@"^16.8.4 || ^17.0.0" from react-inspector@5.1.1
npm WARN   node_modules/@storybook/addon-actions/node_modules/react-inspector
npm WARN     react-inspector@"^5.1.0" from @storybook/addon-actions@6.5.10
npm WARN     node_modules/@storybook/addon-actions
npm WARN ERESOLVE overriding peer dependency
npm WARN While resolving: @mdx-js/react@1.6.22
npm WARN Found: react@18.2.0
npm WARN node_modules/react
npm WARN   react@"18.2.0" from the root project
npm WARN   156 more (@callstack/reassure-measure, ...)
npm WARN 
npm WARN Could not resolve dependency:
npm WARN peer react@"^16.13.1 || ^17.0.0" from @mdx-js/react@1.6.22
npm WARN node_modules/@storybook/addon-docs/node_modules/@mdx-js/react
npm WARN   @mdx-js/react@"^1.6.22" from @storybook/addon-docs@6.5.10
npm WARN   node_modules/@storybook/addon-docs
npm WARN 
npm WARN Conflicting peer dependency: react@17.0.2
npm WARN node_modules/react
npm WARN   peer react@"^16.13.1 || ^17.0.0" from @mdx-js/react@1.6.22
npm WARN   node_modules/@storybook/addon-docs/node_modules/@mdx-js/react
npm WARN     @mdx-js/react@"^1.6.22" from @storybook/addon-docs@6.5.10
npm WARN     node_modules/@storybook/addon-docs
npm WARN ERESOLVE overriding peer dependency
npm WARN While resolving: react-element-to-jsx-string@14.3.4
npm WARN Found: react@18.2.0
npm WARN node_modules/react
npm WARN   react@"18.2.0" from the root project
npm WARN   156 more (@callstack/reassure-measure, ...)
npm WARN 
npm WARN Could not resolve dependency:
npm WARN peer react@"^0.14.8 || ^15.0.1 || ^16.0.0 || ^17.0.1" from react-element-to-jsx-string@14.3.4
npm WARN node_modules/@storybook/react/node_modules/react-element-to-jsx-string
npm WARN   react-element-to-jsx-string@"^14.3.4" from @storybook/react@6.5.10
npm WARN   node_modules/@storybook/react
npm WARN 
npm WARN Conflicting peer dependency: react@17.0.2
npm WARN node_modules/react
npm WARN   peer react@"^0.14.8 || ^15.0.1 || ^16.0.0 || ^17.0.1" from react-element-to-jsx-string@14.3.4
npm WARN   node_modules/@storybook/react/node_modules/react-element-to-jsx-string
npm WARN     react-element-to-jsx-string@"^14.3.4" from @storybook/react@6.5.10
npm WARN     node_modules/@storybook/react
npm WARN ERESOLVE overriding peer dependency
npm WARN While resolving: react-element-to-jsx-string@14.3.4
npm WARN Found: react-dom@18.1.0
npm WARN node_modules/react-dom
npm WARN   react-dom@"18.1.0" from the root project
npm WARN   103 more (@expensify/react-native-web, @storybook/addon-a11y, ...)
npm WARN 
npm WARN Could not resolve dependency:
npm WARN peer react-dom@"^0.14.8 || ^15.0.1 || ^16.0.0 || ^17.0.1" from react-element-to-jsx-string@14.3.4
npm WARN node_modules/@storybook/react/node_modules/react-element-to-jsx-string
npm WARN   react-element-to-jsx-string@"^14.3.4" from @storybook/react@6.5.10
npm WARN   node_modules/@storybook/react
npm WARN 
npm WARN Conflicting peer dependency: react-dom@17.0.2
npm WARN node_modules/react-dom
npm WARN   peer react-dom@"^0.14.8 || ^15.0.1 || ^16.0.0 || ^17.0.1" from react-element-to-jsx-string@14.3.4
npm WARN   node_modules/@storybook/react/node_modules/react-element-to-jsx-string
npm WARN     react-element-to-jsx-string@"^14.3.4" from @storybook/react@6.5.10
npm WARN     node_modules/@storybook/react
npm WARN skipping integrity check for git dependency ssh://git@github.com/Expensify/simply-deferred.git 
npm WARN skipping integrity check for git dependency ssh://git@github.com/Expensify/react-native-picker-select.git 
npm WARN skipping integrity check for git dependency ssh://git@github.com/Expensify/react-native-image-size.git 
npm WARN skipping integrity check for git dependency ssh://git@github.com/Expensify/react-native-google-places-autocomplete.git 
npm WARN skipping integrity check for git dependency ssh://git@github.com/Expensify/expensify-common.git 
npm WARN skipping integrity check for git dependency ssh://git@github.com/Expensify/react-native-image-manipulator.git 
(##########â ‚â ‚â ‚â ‚â ‚â ‚â ‚â ‚) â ¼ reify:react-dom: http fetch GET 200 https://registry.npmmirror.com/comma
(##########â ‚â ‚â ‚â ‚â ‚â ‚â ‚â ‚) â ¸ reify:react-dom: http fetch GET 200 https://registry.npmmirror.com/comma

(##################) â ´ reify:react-web-config: timing reifyNode:node_modules/date-fns Completed
npm ERR! code EACCES
npm ERR! syscall open
npm ERR! path ~/.npm/_cacache/index-v5/9b/3c/88267da8b8448a61327025ccb1ca2f70cd79c4346419a40026f6dd5ed57f
npm ERR! errno EACCES
npm ERR! 
npm ERR! Your cache folder contains root-owned files, due to a bug in
npm ERR! previous versions of npm which has since been addressed.
npm ERR! 
npm ERR! To permanently fix this problem, please run:
npm ERR!   sudo chown -R 502:20 "~/.npm"

npm ERR! A complete log of this run can be found in:
npm ERR!     ~/.npm/_logs/2023-06-06T09_37_29_991Z-debug-0.log

npm ERR! Cannot read properties of null (reading 'pickAlgorithm')

npm ERR! A complete log of this run can be found in:
npm ERR!     ~/.npm/_logs/2023-06-06T10_05_25_570Z-debug-0.log

npm cache clear --force
npm WARN using --force Recommended protections disabled.

npm ERR! code ETIMEDOUT
npm ERR! syscall connect
npm ERR! errno ETIMEDOUT
npm ERR! network request to https://gitpkg.vercel.app/facebook/flipper/react-native/react-native-flipper?9cacc9b59402550eae866e0e81e5f0c2f8203e6b failed, reason: connect ETIMEDOUT 52.175.9.80:443
npm ERR! network This is a problem related to network connectivity.
npm ERR! network In most cases you are behind a proxy or have bad network settings.
npm ERR! network 
npm ERR! network If you are behind a proxy, please make sure that the
npm ERR! network 'proxy' config is set properly.  See: 'npm help config'

npm ERR! A complete log of this run can be found in:
npm ERR!     ~/.npm/_logs/2023-06-06T10_29_11_166Z-debug-0.log

npm ERR! code ERR_SOCKET_TIMEOUT
npm ERR! network Socket timeout
npm ERR! network This is a problem related to network connectivity.
npm ERR! network In most cases you are behind a proxy or have bad network settings.
npm ERR! network 
npm ERR! network If you are behind a proxy, please make sure that the
npm ERR! network 'proxy' config is set properly.  See: 'npm help config'

npm ERR! A complete log of this run can be found in:
npm ERR!     ~/.npm/_logs/2023-06-07T04_04_31_151Z-debug-0.log

npm ERR! code ECONNRESET
npm ERR! network aborted
npm ERR! network This is a problem related to network connectivity.
npm ERR! network In most cases you are behind a proxy or have bad network settings.
npm ERR! network 
npm ERR! network If you are behind a proxy, please make sure that the
npm ERR! network 'proxy' config is set properly.  See: 'npm help config'

npm ERR! A complete log of this run can be found in:
npm ERR!     ~/.npm/_logs/2023-06-07T06_08_48_805Z-debug-0.log

yarn install
yarn install v1.17.3
info No lockfile found.
warning package-lock.json found. Your project contains lock files generated by tools other than Yarn. It is advised not to mix package managers in order to avoid resolution inconsistencies caused by unsynchronized lock files. To clear this warning, remove package-lock.json.
[1/5] ðŸ”  Validating package.json...
[2/5] ðŸ”  Resolving packages...
info There appears to be trouble with your network connection. Retrying...
info There appears to be trouble with your network connection. Retrying...
info There appears to be trouble with your network connection. Retrying...
info There appears to be trouble with your network connection. Retrying...
error An unexpected error occurred: "https://github.com/Expensify/react-native-image-manipulator: ESOCKETTIMEDOUT".
info If you think this is a bug, please open a bug report with the information provided in "~/dev/github/docker-wordpress/App/yarn-error.log".
info Visit https://yarnpkg.com/en/docs/cli/install for documentation about this command.

yarn install
yarn install v1.17.3
info No lockfile found.
warning package-lock.json found. Your project contains lock files generated by tools other than Yarn. It is advised not to mix package managers in order to avoid resolution inconsistencies caused by unsynchronized lock files. To clear this warning, remove package-lock.json.
[1/5] ðŸ”  Validating package.json...
[2/5] ðŸ”  Resolving packages...
info There appears to be trouble with your network connection. Retrying...
info There appears to be trouble with your network connection. Retrying...
info There appears to be trouble with your network connection. Retrying...
info There appears to be trouble with your network connection. Retrying...
error An unexpected error occurred: "https://registry.yarnpkg.com/@expensify%2freact-native-web: ETIMEDOUT".
info If you think this is a bug, please open a bug report with the information provided in "~/dev/github/docker-wordpress/App/yarn-error.log".
info Visit https://yarnpkg.com/en/docs/cli/install for documentation about this command.

yarn install             
yarn install v1.17.3
info No lockfile found.
warning package-lock.json found. Your project contains lock files generated by tools other than Yarn. It is advised not to mix package managers in order to avoid resolution inconsistencies caused by unsynchronized lock files. To clear this warning, remove package-lock.json.
[1/5] ðŸ”  Validating package.json...
[2/5] ðŸ”  Resolving packages...
info There appears to be trouble with your network connection. Retrying...
info There appears to be trouble with your network connection. Retrying...
info There appears to be trouble with your network connection. Retrying...
info There appears to be trouble with your network connection. Retrying...
error An unexpected error occurred: "https://raw.githubusercontent.com/Expensify/react-native-image-manipulator/5cdae3d4455b03a04c57f50be3863e2fe6c92c52/package.json: ETIMEDOUT".
info If you think this is a bug, please open a bug report with the information provided in "~/dev/github/docker-wordpress/App/yarn-error.log".
info Visit https://yarnpkg.com/en/docs/cli/install for documentation about this command.

yarn install
yarn install v1.17.3
info No lockfile found.
warning package-lock.json found. Your project contains lock files generated by tools other than Yarn. It is advised not to mix package managers in order to avoid resolution inconsistencies caused by unsynchronized lock files. To clear this warning, remove package-lock.json.
[1/5] ðŸ”  Validating package.json...
[2/5] ðŸ”  Resolving packages...
warning babel-polyfill > core-js@2.6.12: core-js@<3.23.3 is no longer maintained and not recommended for usage due to the number of issues. Because of the V8 engine whims, feature detection in old core-js versions could cause a slowdown up to 100x even if nothing is polyfilled. Some versions have web compatibility issues. Please, upgrade your dependencies to the actual version of core-js.
warning babel-polyfill > babel-runtime > core-js@2.6.12: core-js@<3.23.3 is no longer maintained and not recommended for usage due to the number of issues. Because of the V8 engine whims, feature detection in old core-js versions could cause a slowdown up to 100x even if nothing is polyfilled. Some versions have web compatibility issues. Please, upgrade your dependencies to the actual version of core-js.
error Command failed.
Exit code: 128
Command: git
Arguments: ls-remote --tags --heads https://github.com/Expensify/simply-deferred.git
Directory: ~/dev/github/docker-wordpress/App
Output:
fatal: unable to access 'https://github.com/Expensify/simply-deferred.git/': HTTP/2 stream 1 was not closed cleanly before end of the underlying stream
info Visit https://yarnpkg.com/en/docs/cli/install for documentation about this command.

yarn install
yarn install v1.17.3
info No lockfile found.
warning package-lock.json found. Your project contains lock files generated by tools other than Yarn. It is advised not to mix package managers in order to avoid resolution inconsistencies caused by unsynchronized lock files. To clear this warning, remove package-lock.json.
[1/5] ðŸ”  Validating package.json...
[2/5] ðŸ”  Resolving packages...
warning babel-polyfill > core-js@2.6.12: core-js@<3.23.3 is no longer maintained and not recommended for usage due to the number of issues. Because of the V8 engine whims, feature detection in old core-js versions could cause a slowdown up to 100x even if nothing is polyfilled. Some versions have web compatibility issues. Please, upgrade your dependencies to the actual version of core-js.
warning babel-polyfill > babel-runtime > core-js@2.6.12: core-js@<3.23.3 is no longer maintained and not recommended for usage due to the number of issues. Because of the V8 engine whims, feature detection in old core-js versions could cause a slowdown up to 100x even if nothing is polyfilled. Some versions have web compatibility issues. Please, upgrade your dependencies to the actual version of core-js.
warning metro-config > metro > metro-minify-uglify > uglify-es@3.3.9: support for ECMAScript is superseded by `uglify-js` as of v3.13.0
â ‚ react-native@https://www.7otech.com/expensify-react-native-0.71.2-alpha.3.tgz
â¡€ react-native@https://www.7otech.com/expensify-react-native-0.71.2-alpha.3.tgz
â ˆ react-native@https://www.7otech.com/expensify-react-native-0.71.2-alpha.3.tgz
warning react-native > react-native-codegen > jscodeshift > micromatch > snapdragon > source-map-resolve@0.5.3: See https://github.com/lydell/source-map-resolve#deprecated
warning react-native > react-native-codegen > jscodeshift > micromatch > snapdragon > source-map-resolve > resolve-url@0.2.1: https://github.com/lydell/resolve-url#deprecated
warning react-native > react-native-codegen > jscodeshift > micromatch > snapdragon > source-map-resolve > source-map-url@0.4.1: See https://github.com/lydell/source-map-url#deprecated
warning react-native > react-native-codegen > jscodeshift > micromatch > snapdragon > source-map-resolve > urix@0.1.0: Please see https://github.com/lydell/urix#deprecated
info There appears to be trouble with your network connection. Retrying...
warning react-native > @react-native-community/cli > @react-native-community/cli-plugin-metro > metro > metro-minify-uglify > uglify-es@3.3.9: support for ECMAScript is superseded by `uglify-js` as of v3.13.0
warning react-web-config > webpack > acorn-dynamic-import@2.0.2: This is probably built in to whatever tool you're using. If you still need it... idk
warning react-web-config > webpack > watchpack > watchpack-chokidar2 > chokidar@2.1.8: Chokidar 2 does not receive security updates since 2019. Upgrade to chokidar 3 with 15x fewer dependencies
warning react-web-config > webpack > watchpack > watchpack-chokidar2 > chokidar > fsevents@1.2.13: The v1 package contains DANGEROUS / INSECURE binaries. Upgrade to safe fsevents v2
warning react-web-config > webpack > node-libs-browser > url > querystring@0.2.0: The querystring API is considered Legacy. new code should use the URLSearchParams API instead.
warning @react-native-community/eslint-config > babel-eslint@10.1.0: babel-eslint is now @babel/eslint-parser. This package will no longer receive updates.
warning @storybook/addon-essentials > @storybook/addon-actions > uuid-browser@3.1.0: Package no longer supported and required. Use the uuid package or crypto.randomUUID instead
warning @storybook/addon-essentials > @storybook/addon-controls > @storybook/store > stable@0.1.8: Modern JS already guarantees Array#sort() is a stable sort, so this library is deprecated. See the compatibility table on MDN: https://developer.mozilla.org/en-US/docs/Web/JavaScript/Reference/Global_Objects/Array/sort#browser_compatibility
warning @storybook/addon-essentials > @storybook/addon-docs > @jest/transform > jest-haste-map > sane@4.1.0: some dependency vulnerabilities fixed, support for node < 10 dropped, and newer ECMAScript syntax/features added
warning @storybook/addon-essentials > @storybook/addon-docs > @storybook/mdx1-csf > @mdx-js/mdx > remark-parse > trim@0.0.1: Use String.prototype.trim() instead
warning @storybook/builder-webpack5 > stable@0.1.8: Modern JS already guarantees Array#sort() is a stable sort, so this library is deprecated. See the compatibility table on MDN: https://developer.mozilla.org/en-US/docs/Web/JavaScript/Reference/Global_Objects/Array/sort#browser_compatibility
warning @storybook/react > @storybook/core > @storybook/core-server > @storybook/manager-webpack4 > webpack-dev-middleware > webpack-log > uuid@3.4.0: Please upgrade  to version 7 or higher.  Older versions may use Math.random() in certain circumstances, which is known to be problematic.  See https://v8.dev/blog/math-random for details.
warning @storybook/react > @storybook/core > @storybook/core-server > @storybook/manager-webpack4 > terser-webpack-plugin > cacache > @npmcli/move-file@1.1.2: This functionality has been moved to @npmcli/fs
warning @storybook/react > @storybook/core > @storybook/core-server > @storybook/builder-webpack4 > stable@0.1.8: Modern JS already guarantees Array#sort() is a stable sort, so this library is deprecated. See the compatibility table on MDN: https://developer.mozilla.org/en-US/docs/Web/JavaScript/Reference/Global_Objects/Array/sort#browser_compatibility
warning @svgr/webpack > @svgr/plugin-svgo > svgo > stable@0.1.8: Modern JS already guarantees Array#sort() is a stable sort, so this library is deprecated. See the compatibility table on MDN: https://developer.mozilla.org/en-US/docs/Web/JavaScript/Reference/Global_Objects/Array/sort#browser_compatibility
warning babel-eslint@10.1.0: babel-eslint is now @babel/eslint-parser. This package will no longer receive updates.
warning electron-builder > app-builder-lib > electron-osx-sign@0.6.0: Please use @electron/osx-sign moving forward. Be aware the API is slightly different
warning electron-builder > app-builder-lib > @electron/universal > asar@3.2.0: Please use @electron/asar moving forward.  There is no API change, just a package name change
warning electron-notarize@1.2.2: Please use @electron/notarize moving forward.  There is no API change, just a package name change
warning eslint-config-expensify > babel-eslint@10.1.0: babel-eslint is now @babel/eslint-parser. This package will no longer receive updates.
warning webpack-font-preload-plugin > jsdom > w3c-hr-time@1.0.2: Use your platform's native performance.now() and performance.timeOrigin.
[3/5] ðŸšš  Fetching packages...
[4/5] ðŸ”—  Linking dependencies...
warning " > lottie-react-native@5.1.6" has unmet peer dependency "lottie-ios@^3.4.0".
warning "onfido-sdk-ui > @onfido/active-video-capture > @tensorflow-models/face-detection@1.0.2" has incorrect peer dependency "@tensorflow/tfjs-backend-webgl@^4.4.0".
warning "onfido-sdk-ui > @onfido/active-video-capture > @tensorflow-models/face-detection@1.0.2" has incorrect peer dependency "@tensorflow/tfjs-converter@^4.4.0".
warning "onfido-sdk-ui > @onfido/active-video-capture > @tensorflow-models/face-detection@1.0.2" has incorrect peer dependency "@tensorflow/tfjs-core@^4.4.0".
warning " > react-native-key-command@1.0.1" has incorrect peer dependency "react-native@^0.70.4".
warning " > react-native-key-command@1.0.1" has unmet peer dependency "react-native-web@^0.18.1".
warning " > react-native-reanimated@3.1.0" has unmet peer dependency "@babel/plugin-proposal-nullish-coalescing-operator@^7.0.0-0".
warning " > react-native-reanimated@3.1.0" has unmet peer dependency "@babel/plugin-proposal-optional-chaining@^7.0.0-0".
warning " > react-native-reanimated@3.1.0" has unmet peer dependency "@babel/plugin-transform-arrow-functions@^7.0.0-0".
warning " > react-native-reanimated@3.1.0" has unmet peer dependency "@babel/plugin-transform-shorthand-properties@^7.0.0-0".
warning " > react-native-reanimated@3.1.0" has unmet peer dependency "@babel/plugin-transform-template-literals@^7.0.0-0".
warning "react-native-render-html > @native-html/transient-render-engine@11.2.2" has unmet peer dependency "@types/react-native@*".
warning "react-native-render-html > @native-html/transient-render-engine > @native-html/css-processor@1.11.0" has unmet peer dependency "@types/react@*".
warning "react-native-render-html > @native-html/transient-render-engine > @native-html/css-processor@1.11.0" has unmet peer dependency "@types/react-native@*".
warning " > react-native-web-lottie@1.4.4" has unmet peer dependency "react-native-web@*".
warning "@react-native-community/eslint-config > @typescript-eslint/eslint-plugin > tsutils@3.21.0" has unmet peer dependency "typescript@>=2.8.0 || >= 3.2.0-dev || >= 3.3.0-dev || >= 3.4.0-dev || >= 3.5.0-dev || >= 3.6.0-dev || >= 3.6.0-beta || >= 3.7.0-dev || >= 3.7.0-beta".
warning "@storybook/builder-webpack5 > fork-ts-checker-webpack-plugin@6.5.3" has unmet peer dependency "typescript@>= 2.7".
warning "@storybook/addon-essentials > @storybook/addon-actions > react-inspector@5.1.1" has incorrect peer dependency "react@^16.8.4 || ^17.0.0".
warning "@storybook/addon-essentials > @storybook/addon-docs > @mdx-js/react@1.6.22" has incorrect peer dependency "react@^16.13.1 || ^17.0.0".
warning " > @storybook/addon-react-native-web@0.0.19--canary.37.cb55428.0" has unmet peer dependency "@storybook/api@*".
warning " > @storybook/addon-react-native-web@0.0.19--canary.37.cb55428.0" has unmet peer dependency "@storybook/components@*".
warning " > @storybook/addon-react-native-web@0.0.19--canary.37.cb55428.0" has unmet peer dependency "@storybook/core-events@*".
warning " > @storybook/react@6.5.16" has unmet peer dependency "require-from-string@^2.0.2".
warning "@storybook/react > @storybook/react-docgen-typescript-plugin@1.0.2-canary.6.9d540b91e815f8fc2f8829189deb00553559ff63.0" has unmet peer dependency "typescript@>= 3.x".
warning "@storybook/react > react-element-to-jsx-string@14.3.4" has incorrect peer dependency "react@^0.14.8 || ^15.0.1 || ^16.0.0 || ^17.0.1".
warning "@storybook/react > react-element-to-jsx-string@14.3.4" has incorrect peer dependency "react-dom@^0.14.8 || ^15.0.1 || ^16.0.0 || ^17.0.1".
warning "@storybook/react > @storybook/react-docgen-typescript-plugin > react-docgen-typescript@2.2.2" has unmet peer dependency "typescript@>= 4.3.x".
warning "eslint-config-expensify > eslint-config-airbnb@18.0.1" has incorrect peer dependency "eslint-plugin-react-hooks@^1.7.0".
warning " > flipper-plugin-bridgespy-client@0.1.9" has unmet peer dependency "typescript@>=3.5.0 <5.0.0".
warning Workspaces can only be enabled in private projects.
[5/5] ðŸ”¨  Building fresh packages...
[-/10] â ˆ waiting...
[2/10] â ˆ postinstall-postinstall
[6/10] â ˆ electron
[4/10] â ˆ fsevents
error ~/dev/github/docker-wordpress/App/node_modules/shellcheck: Command failed.
Exit code: 1
Command: ./install.sh
Arguments: 

error /Users/peterzhang/dev/github/docker-wordpress/App/node_modules/electron: Command failed.
Exit code: 1
Command: node install.js
Arguments: 
Directory: /Users/peterzhang/dev/github/docker-wordpress/App/node_modules/electron
Output:
RequestError: socket hang up
    at ClientRequest.<anonymous> (/Users/peterzhang/dev/github/docker-wordpress/App/node_modules/got/dist/source/core/index.js:970:111)
    at Object.onceWrapper (node:events:642:26)
    at ClientRequest.emit (node:events:539:35)
    at ClientRequest.origin.emit (/Users/peterzhang/dev/github/docker-wordpress/App/node_modules/@szmarczak/http-timer/dist/source/index.js:43:20)
    at TLSSocket.socketOnEnd (node:_http_client:478:9)
    at TLSSocket.emit (node:events:539:35)
    at endReadableNT (node:internal/streams/readable:1345:12)
    at connResetException (node:internal/errors:692:14)
    at TLSSocket.socketOnEnd (node:_http_client:478:23)

yarn install
yarn install v1.17.3
info No lockfile found.
warning package-lock.json found. Your project contains lock files generated by tools other than Yarn. It is advised not to mix package managers in order to avoid resolution inconsistencies caused by unsynchronized lock files. To clear this warning, remove package-lock.json.
[1/5] ðŸ”  Validating package.json...
[2/5] ðŸ”  Resolving packages...
warning babel-polyfill > core-js@2.6.12: core-js@<3.23.3 is no longer maintained and not recommended for usage due to the number of issues. Because of the V8 engine whims, feature detection in old core-js versions could cause a slowdown up to 100x even if nothing is polyfilled. Some versions have web compatibility issues. Please, upgrade your dependencies to the actual version of core-js.
warning babel-polyfill > babel-runtime > core-js@2.6.12: core-js@<3.23.3 is no longer maintained and not recommended for usage due to the number of issues. Because of the V8 engine whims, feature detection in old core-js versions could cause a slowdown up to 100x even if nothing is polyfilled. Some versions have web compatibility issues. Please, upgrade your dependencies to the actual version of core-js.
warning metro-config > metro > metro-minify-uglify > uglify-es@3.3.9: support for ECMAScript is superseded by `uglify-js` as of v3.13.0
warning react-native > @react-native-community/cli > @react-native-community/cli-plugin-metro > metro > metro-minify-uglify > uglify-es@3.3.9: support for ECMAScript is superseded by `uglify-js` as of v3.13.0
warning react-native > react-native-codegen > jscodeshift > micromatch > snapdragon > source-map-resolve@0.5.3: See https://github.com/lydell/source-map-resolve#deprecated
warning react-native > react-native-codegen > jscodeshift > micromatch > snapdragon > source-map-resolve > resolve-url@0.2.1: https://github.com/lydell/resolve-url#deprecated
warning react-native > react-native-codegen > jscodeshift > micromatch > snapdragon > source-map-resolve > source-map-url@0.4.1: See https://github.com/lydell/source-map-url#deprecated
warning react-native > react-native-codegen > jscodeshift > micromatch > snapdragon > source-map-resolve > urix@0.1.0: Please see https://github.com/lydell/urix#deprecated
warning react-web-config > webpack > acorn-dynamic-import@2.0.2: This is probably built in to whatever tool you're using. If you still need it... idk
warning react-web-config > webpack > node-libs-browser > url > querystring@0.2.0: The querystring API is considered Legacy. new code should use the URLSearchParams API instead.
warning react-web-config > webpack > watchpack > watchpack-chokidar2 > chokidar@2.1.8: Chokidar 2 does not receive security updates since 2019. Upgrade to chokidar 3 with 15x fewer dependencies
warning react-web-config > webpack > watchpack > watchpack-chokidar2 > chokidar > fsevents@1.2.13: The v1 package contains DANGEROUS / INSECURE binaries. Upgrade to safe fsevents v2
warning @react-native-community/eslint-config > babel-eslint@10.1.0: babel-eslint is now @babel/eslint-parser. This package will no longer receive updates.
warning @storybook/addon-essentials > @storybook/addon-controls > @storybook/store > stable@0.1.8: Modern JS already guarantees Array#sort() is a stable sort, so this library is deprecated. See the compatibility table on MDN: https://developer.mozilla.org/en-US/docs/Web/JavaScript/Reference/Global_Objects/Array/sort#browser_compatibility
warning @storybook/addon-essentials > @storybook/addon-actions > uuid-browser@3.1.0: Package no longer supported and required. Use the uuid package or crypto.randomUUID instead
warning @storybook/addon-essentials > @storybook/addon-docs > @jest/transform > jest-haste-map > sane@4.1.0: some dependency vulnerabilities fixed, support for node < 10 dropped, and newer ECMAScript syntax/features added
warning @storybook/addon-essentials > @storybook/addon-docs > @storybook/mdx1-csf > @mdx-js/mdx > remark-parse > trim@0.0.1: Use String.prototype.trim() instead
warning @storybook/builder-webpack5 > stable@0.1.8: Modern JS already guarantees Array#sort() is a stable sort, so this library is deprecated. See the compatibility table on MDN: https://developer.mozilla.org/en-US/docs/Web/JavaScript/Reference/Global_Objects/Array/sort#browser_compatibility
warning @storybook/react > @storybook/core > @storybook/core-server > @storybook/manager-webpack4 > webpack-dev-middleware > webpack-log > uuid@3.4.0: Please upgrade  to version 7 or higher.  Older versions may use Math.random() in certain circumstances, which is known to be problematic.  See https://v8.dev/blog/math-random for details.
warning @storybook/react > @storybook/core > @storybook/core-server > @storybook/manager-webpack4 > terser-webpack-plugin > cacache > @npmcli/move-file@1.1.2: This functionality has been moved to @npmcli/fs
warning @storybook/react > @storybook/core > @storybook/core-server > @storybook/builder-webpack4 > stable@0.1.8: Modern JS already guarantees Array#sort() is a stable sort, so this library is deprecated. See the compatibility table on MDN: https://developer.mozilla.org/en-US/docs/Web/JavaScript/Reference/Global_Objects/Array/sort#browser_compatibility
warning @svgr/webpack > @svgr/plugin-svgo > svgo > stable@0.1.8: Modern JS already guarantees Array#sort() is a stable sort, so this library is deprecated. See the compatibility table on MDN: https://developer.mozilla.org/en-US/docs/Web/JavaScript/Reference/Global_Objects/Array/sort#browser_compatibility
warning babel-eslint@10.1.0: babel-eslint is now @babel/eslint-parser. This package will no longer receive updates.
warning electron-builder > app-builder-lib > electron-osx-sign@0.6.0: Please use @electron/osx-sign moving forward. Be aware the API is slightly different
warning electron-builder > app-builder-lib > @electron/universal > asar@3.2.0: Please use @electron/asar moving forward.  There is no API change, just a package name change
warning electron-notarize@1.2.2: Please use @electron/notarize moving forward.  There is no API change, just a package name change
warning eslint-config-expensify > babel-eslint@10.1.0: babel-eslint is now @babel/eslint-parser. This package will no longer receive updates.
warning webpack-font-preload-plugin > jsdom > w3c-hr-time@1.0.2: Use your platform's native performance.now() and performance.timeOrigin.
[3/5] ðŸšš  Fetching packages...
[4/5] ðŸ”—  Linking dependencies...
warning " > lottie-react-native@5.1.6" has unmet peer dependency "lottie-ios@^3.4.0".
warning "onfido-sdk-ui > @onfido/active-video-capture > @tensorflow-models/face-detection@1.0.2" has incorrect peer dependency "@tensorflow/tfjs-backend-webgl@^4.4.0".
warning "onfido-sdk-ui > @onfido/active-video-capture > @tensorflow-models/face-detection@1.0.2" has incorrect peer dependency "@tensorflow/tfjs-converter@^4.4.0".
warning "onfido-sdk-ui > @onfido/active-video-capture > @tensorflow-models/face-detection@1.0.2" has incorrect peer dependency "@tensorflow/tfjs-core@^4.4.0".
warning " > react-native-key-command@1.0.1" has incorrect peer dependency "react-native@^0.70.4".
warning " > react-native-key-command@1.0.1" has unmet peer dependency "react-native-web@^0.18.1".
warning " > react-native-reanimated@3.1.0" has unmet peer dependency "@babel/plugin-proposal-nullish-coalescing-operator@^7.0.0-0".
warning " > react-native-reanimated@3.1.0" has unmet peer dependency "@babel/plugin-proposal-optional-chaining@^7.0.0-0".
warning " > react-native-reanimated@3.1.0" has unmet peer dependency "@babel/plugin-transform-arrow-functions@^7.0.0-0".
warning " > react-native-reanimated@3.1.0" has unmet peer dependency "@babel/plugin-transform-shorthand-properties@^7.0.0-0".
warning " > react-native-reanimated@3.1.0" has unmet peer dependency "@babel/plugin-transform-template-literals@^7.0.0-0".
warning "react-native-render-html > @native-html/transient-render-engine@11.2.2" has unmet peer dependency "@types/react-native@*".
warning "react-native-render-html > @native-html/transient-render-engine > @native-html/css-processor@1.11.0" has unmet peer dependency "@types/react@*".
warning "react-native-render-html > @native-html/transient-render-engine > @native-html/css-processor@1.11.0" has unmet peer dependency "@types/react-native@*".
warning " > react-native-web-lottie@1.4.4" has unmet peer dependency "react-native-web@*".
warning "@react-native-community/eslint-config > @typescript-eslint/eslint-plugin > tsutils@3.21.0" has unmet peer dependency "typescript@>=2.8.0 || >= 3.2.0-dev || >= 3.3.0-dev || >= 3.4.0-dev || >= 3.5.0-dev || >= 3.6.0-dev || >= 3.6.0-beta || >= 3.7.0-dev || >= 3.7.0-beta".
warning "@storybook/builder-webpack5 > fork-ts-checker-webpack-plugin@6.5.3" has unmet peer dependency "typescript@>= 2.7".
warning "@storybook/addon-essentials > @storybook/addon-actions > react-inspector@5.1.1" has incorrect peer dependency "react@^16.8.4 || ^17.0.0".
warning "@storybook/addon-essentials > @storybook/addon-docs > @mdx-js/react@1.6.22" has incorrect peer dependency "react@^16.13.1 || ^17.0.0".
warning " > @storybook/addon-react-native-web@0.0.19--canary.37.cb55428.0" has unmet peer dependency "@storybook/api@*".
warning " > @storybook/addon-react-native-web@0.0.19--canary.37.cb55428.0" has unmet peer dependency "@storybook/components@*".
warning " > @storybook/addon-react-native-web@0.0.19--canary.37.cb55428.0" has unmet peer dependency "@storybook/core-events@*".
warning " > @storybook/react@6.5.16" has unmet peer dependency "require-from-string@^2.0.2".
warning "@storybook/react > react-element-to-jsx-string@14.3.4" has incorrect peer dependency "react@^0.14.8 || ^15.0.1 || ^16.0.0 || ^17.0.1".
warning "@storybook/react > react-element-to-jsx-string@14.3.4" has incorrect peer dependency "react-dom@^0.14.8 || ^15.0.1 || ^16.0.0 || ^17.0.1".
warning "@storybook/react > @storybook/react-docgen-typescript-plugin@1.0.2-canary.6.9d540b91e815f8fc2f8829189deb00553559ff63.0" has unmet peer dependency "typescript@>= 3.x".
warning "@storybook/react > @storybook/react-docgen-typescript-plugin > react-docgen-typescript@2.2.2" has unmet peer dependency "typescript@>= 4.3.x".
warning "eslint-config-expensify > eslint-config-airbnb@18.0.1" has incorrect peer dependency "eslint-plugin-react-hooks@^1.7.0".
warning " > flipper-plugin-bridgespy-client@0.1.9" has unmet peer dependency "typescript@>=3.5.0 <5.0.0".
warning Workspaces can only be enabled in private projects.
[5/5] ðŸ”¨  Building fresh packages...
success Saved lockfile.
warning Your current version of Yarn is out of date. The latest version is "1.22.19", while you're on "1.17.3".
info To upgrade, run the following command:
$ brew upgrade yarn
$ npx patch-package && cd desktop && npm install
patch-package 6.5.1
Applying patches...
react-native-fast-image@8.6.3 âœ”
react-native-modal@13.0.1 âœ”
react-native-reanimated@3.1.0 âœ”

up to date, audited 47 packages in 2s

4 packages are looking for funding
  run `npm fund` for details

found 0 vulnerabilities
âœ¨  Done in 1614.63s.

npm run build

> new.expensify@1.3.23-6 build
> webpack --config config/webpack/webpack.common.js --env envFile=.env.production

[BABEL] Note: The code generator has deoptimised the styling of /Users/peterzhang/dev/github/docker-wordpress/App/assets/images/home-background--desktop.svg as it exceeds the max of 500KB.
[BABEL] Note: The code generator has deoptimised the styling of undefined as it exceeds the max of 500KB.
(node:47281) [DEP_WEBPACK_COMPILATION_ASSETS] DeprecationWarning: Compilation.assets will be frozen in future, all modifications are deprecated.
BREAKING CHANGE: No more changes should happen to Compilation.assets after sealing the Compilation.
	Do changes to assets earlier, e. g. in Compilation.hooks.processAssets.
	Make sure to select an appropriate stage from Compilation.PROCESS_ASSETS_STAGE_*.
(Use `node --trace-deprecation ...` to show where the warning was created)
assets by path cmaps/*.bcmap 1.11 MiB 168 assets
assets by path fonts/ 623 KiB
  assets by path fonts/*.woff 327 KiB 8 assets
  assets by path fonts/*.woff2 296 KiB 8 assets
assets by info 23.9 MiB [immutable]
  assets by path *.png 223 KiB 5 assets
  assets by path *.js 23.7 MiB 4 assets
assets by path css/*.css 8.95 KiB
  asset css/AnnotationLayer.css 6.36 KiB [emitted] [from: node_modules/react-pdf/dist/esm/Page/AnnotationLayer.css] [copied]
  + 2 assets
assets by path .well-known/ 2.13 KiB
  asset .well-known/apple-app-site-association 1.84 KiB [emitted] [from: .well-known/apple-app-site-association] [copied]
  asset .well-known/assetlinks.json 303 bytes [emitted] [from: .well-known/assetlinks.json] [copied]
+ 6 assets
Entrypoint main [big] 22.4 MiB (37.6 MiB) = runtime-a84c5563f78b32d5cc01.bundle.js 2.23 KiB vendors-703b07707fbd1948582d.bundle.js 17.5 MiB main-1f6d8f10775f294ae542.bundle.js 4.85 MiB 9 auxiliary assets
orphan modules 8.3 MiB [orphan] 2041 modules
runtime modules 5.19 KiB 13 modules
cacheable modules 31.4 MiB (javascript) 223 KiB (asset)
  modules by path ./node_modules/ 23.9 MiB
    javascript modules 20.4 MiB 1546 modules
    json modules 796 KiB 10 modules
    asset modules 2.75 MiB 5 modules
  modules by path ./src/ 6.44 MiB 357 modules
  modules by path ./assets/ 847 KiB (javascript) 223 KiB (asset)
    modules by path ./assets/images/ 4.34 KiB (javascript) 223 KiB (asset) 8 modules
    json modules 631 KiB
      ./assets/animations/Fireworks.json 490 KiB [built] [code generated]
      ./assets/animations/ReviewingBankInfo.json 141 KiB [built] [code generated]
    ./assets/emojis.js + 7 modules 212 KiB [built] [code generated]
  + 10 modules

WARNING in ./src/libs/actions/Device/getDeviceInfo/getBaseInfo.js 4:17-24
Should not import the named export 'version' (imported as 'version') from default-exporting module (only default export is available soon)
 @ ./src/libs/actions/Device/getDeviceInfo/index.js 4:0-40 22:41-52
 @ ./src/libs/actions/Device/index.js 8:0-44 54:68-81
 @ ./src/setup/index.js
 @ ./index.js 9:0-45 13:0-18

WARNING in ./node_modules/react-native-performance/lib/module/NativeRNPerformanceManager.js 2:15-38
export 'TurboModuleRegistry' (imported as 'TurboModuleRegistry') was not found in 'react-native' (possible exports: AccessibilityInfo, ActivityIndicator, Alert, Animated, AppRegistry, AppState, Appearance, BackHandler, Button, CheckBox, Clipboard, DeviceEventEmitter, DeviceInfo, Dimensions, DrawerLayoutAndroid, Easing, FlatList, I18nManager, Image, ImageBackground, InputAccessoryView, InteractionManager, Keyboard, KeyboardAvoidingView, LayoutAnimation, Linking, LogBox, Modal, NativeEventEmitter, NativeModules, PanResponder, PermissionsAndroid, Picker, PixelRatio, Platform, Pressable, ProgressBar, RefreshControl, SafeAreaView, ScrollView, SectionList, Settings, Share, StatusBar, StyleSheet, Switch, Systrace, TVEventHandler, Text, TextInput, ToastAndroid, Touchable, TouchableHighlight, TouchableNativeFeedback, TouchableOpacity, TouchableWithoutFeedback, UIManager, Vibration, View, VirtualizedList, YellowBox, findNodeHandle, processColor, render, unmountComponentAtNode, unstable_createElement, useColorScheme, useLocaleContext, useWindowDimensions)
 @ ./node_modules/react-native-performance/lib/module/index.js 11:52-99
 @ ./src/libs/Performance.js
 @ ./src/libs/actions/App.js
 @ ./src/libs/Navigation/AppNavigator/AuthScreens.js 43:0-41 115:15-31 125:6-17 126:6-34
 @ ./src/libs/Navigation/AppNavigator/index.js
 @ ./src/libs/Navigation/NavigationRoot.js 10:0-42 58:38-50
 @ ./src/Expensify.js 16:0-62 201:79-93
 @ ./src/App.js 11:0-36 40:38-47
 @ ./index.js 7:0-28 11:9-12

WARNING in ./node_modules/react-native-svg/lib/module/ReactNativeSVG.web.js 8:22-24
export 'createElement' (imported as 'cE') was not found in 'react-native' (possible exports: AccessibilityInfo, ActivityIndicator, Alert, Animated, AppRegistry, AppState, Appearance, BackHandler, Button, CheckBox, Clipboard, DeviceEventEmitter, DeviceInfo, Dimensions, DrawerLayoutAndroid, Easing, FlatList, I18nManager, Image, ImageBackground, InputAccessoryView, InteractionManager, Keyboard, KeyboardAvoidingView, LayoutAnimation, Linking, LogBox, Modal, NativeEventEmitter, NativeModules, PanResponder, PermissionsAndroid, Picker, PixelRatio, Platform, Pressable, ProgressBar, RefreshControl, SafeAreaView, ScrollView, SectionList, Settings, Share, StatusBar, StyleSheet, Switch, Systrace, TVEventHandler, Text, TextInput, ToastAndroid, Touchable, TouchableHighlight, TouchableNativeFeedback, TouchableOpacity, TouchableWithoutFeedback, UIManager, Vibration, View, VirtualizedList, YellowBox, findNodeHandle, processColor, render, unmountComponentAtNode, unstable_createElement, useColorScheme, useLocaleContext, useWindowDimensions)
 @ ./node_modules/react-native-svg/lib/module/index.js 1:0-33 1:0-33 2:0-43 2:0-43
 @ ./src/components/ReportHeaderSkeletonView.js
 @ ./src/pages/home/ReportScreen.js 44:0-81 257:109-133 274:54-78
 @ ./src/libs/Navigation/AppNavigator/MainDrawerNavigator.js 27:0-60 157:21-33
 @ ./src/libs/Navigation/AppNavigator/AuthScreens.js
 @ ./src/libs/Navigation/AppNavigator/index.js
 @ ./src/libs/Navigation/NavigationRoot.js 10:0-42 58:38-50
 @ ./src/Expensify.js 16:0-62 201:79-93
 @ ./src/App.js 11:0-36 40:38-47
 @ ./index.js 7:0-28 11:9-12

WARNING in asset size limit: The following asset(s) exceed the recommended size limit (244 KiB).
This can impact web performance.
Assets: 
  51103eacf3bef7f35f0812db4ea611f7.js (1.3 MiB)
  main-1f6d8f10775f294ae542.bundle.js (4.85 MiB)
  vendors-703b07707fbd1948582d.bundle.js (17.5 MiB)

WARNING in entrypoint size limit: The following entrypoint(s) combined asset size exceeds the recommended limit (244 KiB). This can impact web performance.
Entrypoints:
  main (22.4 MiB)
      runtime-a84c5563f78b32d5cc01.bundle.js
      vendors-703b07707fbd1948582d.bundle.js
      main-1f6d8f10775f294ae542.bundle.js


WARNING in webpack performance recommendations: 
You can limit the size of your bundles by using import() or require.ensure to lazy load some parts of your application.
For more info visit https://webpack.js.org/guides/code-splitting/

webpack 5.86.0 compiled with 6 warnings in 420064 ms
(node:47281) [DEP_WEBPACK_STATS_WARNINGS_FILTER] DeprecationWarning: config.stats.warningsFilter is deprecated in favor of config.ignoreWarnings

npm run desktop

> new.expensify@1.3.23-6 desktop
> scripts/set-pusher-suffix.sh && node desktop/start.js

[Electron] Waiting for localhost:8080....<i> [webpack-dev-server] [HPM] Proxy created: /api  -> http://[::1]:9000
[Renderer] <i> [webpack-dev-server] [HPM] Proxy created: /staging  -> http://[::1]:9000
[Renderer] <i> [webpack-dev-server] [HPM] Proxy created: /chat-attachments  -> http://[::1]:9000
[Renderer] <i> [webpack-dev-server] Project is running at:
[Renderer] <i> [webpack-dev-server] Loopback: http://localhost:8080/
[Renderer] <i> [webpack-dev-server] On Your Network (IPv4): http://10.40.50.105:8080/
[Renderer] <i> [webpack-dev-server] On Your Network (IPv6): http://[fe80::1]:8080/
[Renderer] <i> [webpack-dev-server] Content not from webpack is served from '/Users/peterzhang/dev/github/docker-wordpress/App/dist' directory
[Renderer] <i> [webpack-dev-server] 404s will fallback to '/index.html'
[Electron] .
[Electron] Connected!
[Main] desktop-main:
[Main]   asset main.js 2.58 MiB [emitted] (name: main)
[Main]   asset contextBridge.js 299 KiB [emitted] (name: contextBridge)
[Main]   orphan modules 1.74 MiB [orphan] 248 modules
[Main]   runtime modules 1.69 KiB 8 modules
[Main]   modules by path ./node_modules/ 1.48 MiB 732 modules
[Main]   modules by path ./src/ 316 KiB
[Main]     modules by path ./src/libs/ 67 KiB 29 modules
[Main]     modules by path ./src/languages/*.js 160 KiB 4 modules
[Main]     modules by path ./src/*.js 88.2 KiB
[Main]       ./src/CONFIG.js 4.8 KiB [built] [code generated]
[Main]       + 2 modules
[Main]     ./src/components/Alert/index.js 823 bytes [built] [code generated]
[Main]   modules by path ./desktop/*.js 27.3 KiB
[Main]     ./desktop/main.js 23.6 KiB [built] [code generated]
[Main]     ./desktop/contextBridge.js 3.25 KiB [built] [code generated]
[Main]     ./desktop/ELECTRON_EVENTS.js 474 bytes [built] [code generated]
[Main]   + 10 modules
[Main]   desktop-main (webpack 5.86.0) compiled successfully in 12354 ms
[Electron] npm WARN exec The following package was not found and will be installed: electronmon
[Electron] [electronmon] waiting for a change to restart it
[Electron] 19:03:20.065 â€º CONFIG:  {
[Electron]   APP_NAME: 'NewExpensify',
[Electron]   AUTH_TOKEN_EXPIRATION_TIME: 5400000,
[Electron]   ENVIRONMENT: 'development',
[Electron]   EXPENSIFY: {
[Electron]     EXPENSIFY_URL: 'https://www.expensify.com/',
[Electron]     NEW_EXPENSIFY_URL: 'https://new.expensify.com/',
[Electron]     DEFAULT_API_ROOT: 'https://www.expensify.com/',
[Electron]     DEFAULT_SECURE_API_ROOT: 'https://secure.expensify.com/',
[Electron]     STAGING_API_ROOT: 'https://staging.expensify.com/',
[Electron]     STAGING_SECURE_API_ROOT: 'https://staging-secure.expensify.com/',
[Electron]     PARTNER_NAME: 'chat-expensify-com',
[Electron]     PARTNER_PASSWORD: 'e21965746fd75f82bb66',
[Electron]     EXPENSIFY_CASH_REFERER: 'ecash',
[Electron]     CONCIERGE_URL_PATHNAME: 'concierge/',
[Electron]     DEVPORTAL_URL_PATHNAME: '_devportal/',
[Electron]     CONCIERGE_URL: 'https://www.expensify.com/concierge/'
[Electron]   },
[Electron]   IS_IN_PRODUCTION: false,
[Electron]   IS_IN_STAGING: false,
[Electron]   IS_USING_LOCAL_WEB: false,
[Electron]   PUSHER: { APP_KEY: '268df511a204fbb60884', SUFFIX: '', CLUSTER: 'mt1' },
[Electron]   SITE_TITLE: 'New Expensify',
[Electron]   FAVICON: { DEFAULT: '/favicon.png', UNREAD: '/favicon-unread.png' },
[Electron]   CAPTURE_METRICS: false,
[Electron]   ONYX_METRICS: false,
[Electron]   DEV_PORT: '8080',
[Electron]   E2E_TESTING: false,
[Electron]   SEND_CRASH_REPORTS: false,
[Electron]   IS_USING_WEB_PROXY: false
[Electron] }
[Renderer] <i> [webpack-dev-middleware] wait until bundle finished: /
[Electron] [electronmon] renderer file change: doc/log.txt
[Electron] 19:03:58.525 â€º (node:57875) UnhandledPromiseRejectionWarning: Error: ERR_ABORTED (-3) loading 'http://localhost:8080/'
[Electron]     at rejectAndCleanup (node:electron/js2c/browser_init:2:77333)
[Electron]     at EventEmitter.navigationListener (node:electron/js2c/browser_init:2:77639)
[Electron]     at EventEmitter.emit (node:events:513:28)
[Electron] (Use `Electron --trace-warnings ...` to show where the warning was created)
[Electron] 19:03:58.528 â€º (node:57875) UnhandledPromiseRejectionWarning: Unhandled promise rejection. This error originated either by throwing inside of an async function without a catch block, or by rejecting a promise which was not handled with .catch(). To terminate the node process on unhandled promise rejection, use the CLI flag `--unhandled-rejections=strict` (see https://nodejs.org/api/cli.html#cli_unhandled_rejections_mode). (rejection id: 4)
[Electron] [electronmon] renderer file change: doc/log.txt
[Renderer] <i> [webpack-dev-middleware] wait until bundle finished: /
[Renderer] <i> [webpack-dev-middleware] wait until bundle finished: /
[Renderer] [BABEL] Note: The code generator has deoptimised the styling of /Users/peterzhang/dev/github/docker-wordpress/App/assets/images/home-background--desktop.svg as it exceeds the max of 500KB.
[Renderer] [BABEL] Note: The code generator has deoptimised the styling of undefined as it exceeds the max of 500KB.
[Renderer] (node:57859) [DEP_WEBPACK_COMPILATION_ASSETS] DeprecationWarning: Compilation.assets will be frozen in future, all modifications are deprecated.
[Renderer] BREAKING CHANGE: No more changes should happen to Compilation.assets after sealing the Compilation.
[Renderer] 	Do changes to assets earlier, e. g. in Compilation.hooks.processAssets.
[Renderer] 	Make sure to select an appropriate stage from Compilation.PROCESS_ASSETS_STAGE_*.
[Renderer] (Use `node --trace-deprecation ...` to show where the warning was created)
[Renderer] 
[Renderer] â”Œâ”€â”€ time-analytics-webpack-plugin
[Renderer] â”‚ Webpack compile takes 169017.0504 ms
[Renderer] â”œâ”€â”€ Plugins
[Renderer] â”‚ Plugin WebpackFontPreloadPlugin takes 312.0590 ms
[Renderer] â”‚ Plugin CopyPlugin takes 187.4999 ms
[Renderer] â”‚ Plugin CleanWebpackPlugin takes 161.2589 ms
[Renderer] â”‚ Plugin IgnorePlugin takes 44.8000 ms
[Renderer] â”‚ Plugin HtmlWebpackPlugin takes 16.8741 ms
[Renderer] â”‚ Plugin EnvironmentPlugin takes 12.1694 ms
[Renderer] â”‚ Plugin DefinePlugin takes 2.2203 ms
[Renderer] â”‚ Plugin ProvidePlugin takes 0.2671 ms
[Renderer] â”‚ All plugins take 737.1487 ms
[Renderer] â”œâ”€â”€ Loaders
[Renderer] â”‚ Loader @svgr/webpack takes 1393265.5674 ms
[Renderer] â”‚ Loader babel-loader takes 78774.2961 ms
[Renderer] â”‚ Loader style-loader takes 8.8477 ms
[Renderer] â”‚ All loaders take 1472048.7112 ms
[Renderer] 
[Renderer] (node:57859) [DEP_WEBPACK_STATS_WARNINGS_FILTER] DeprecationWarning: config.stats.warningsFilter is deprecated in favor of config.ignoreWarnings
[Renderer] assets by path cmaps/*.bcmap 1.11 MiB 168 assets
[Renderer] assets by path fonts/ 623 KiB
[Renderer]   assets by path fonts/*.woff 327 KiB 8 assets
[Renderer]   assets by path fonts/*.woff2 296 KiB 8 assets
[Renderer] assets by info 91.2 MiB [immutable]
[Renderer]   assets by path *.png 223 KiB 5 assets
[Renderer]   assets by path *.js 91 MiB 4 assets
[Renderer] assets by path css/*.css 8.95 KiB
[Renderer]   asset css/AnnotationLayer.css 6.36 KiB [emitted] [from: node_modules/react-pdf/dist/esm/Page/AnnotationLayer.css] [copied]
[Renderer]   + 2 assets
[Renderer] assets by path .well-known/ 2.13 KiB
[Renderer]   asset .well-known/apple-app-site-association 1.84 KiB [emitted] [from: .well-known/apple-app-site-association] [copied]
[Renderer]   asset .well-known/assetlinks.json 303 bytes [emitted] [from: .well-known/assetlinks.json] [copied]
[Renderer] + 6 assets
[Renderer] Entrypoint main 88.3 MiB (2.96 MiB) = runtime-284c17ad21149e7b5607.bundle.js 44.6 KiB vendors-3c99366457d33a710933.bundle.js 67 MiB main-104a37c4fa5931dba2cc.bundle.js 21.3 MiB 6 auxiliary assets
[Renderer] orphan modules 116 KiB [orphan] 58 modules
[Renderer] runtime modules 29 KiB 17 modules
[Renderer] modules by path ./node_modules/ 26.1 MiB
[Renderer]   javascript modules 22.6 MiB 2896 modules
[Renderer]   json modules 802 KiB 11 modules
[Renderer]   asset modules 2.75 MiB 6 modules
[Renderer] modules by path ./src/ 3.75 MiB 800 modules
[Renderer] modules by path ./assets/ 3.64 MiB (javascript) 223 KiB (asset)
[Renderer]   javascript modules 2.44 MiB 257 modules
[Renderer]   asset modules 4.21 KiB (javascript) 223 KiB (asset) 6 modules
[Renderer]   json modules 1.19 MiB 3 modules
[Renderer] modules by path ./*.js 1.11 KiB
[Renderer]   ./index.js 338 bytes [built] [code generated]
[Renderer]   ./wdyr.js 801 bytes [built] [code generated]
[Renderer] + 10 modules
[Renderer] 
[Renderer] LOG from webpack.FileSystemInfo
[Renderer] <w> Managed item /Users/peterzhang isn't a directory or doesn't contain a package.json (see snapshot.managedPaths option)
[Renderer] + 12 hidden lines
[Renderer] 
[Renderer] WARNING in ./node_modules/react-native-performance/lib/module/NativeRNPerformanceManager.js 2:15-38
[Renderer] export 'TurboModuleRegistry' (imported as 'TurboModuleRegistry') was not found in 'react-native' (possible exports: AccessibilityInfo, ActivityIndicator, Alert, Animated, AppRegistry, AppState, Appearance, BackHandler, Button, CheckBox, Clipboard, DeviceEventEmitter, DeviceInfo, Dimensions, DrawerLayoutAndroid, Easing, FlatList, I18nManager, Image, ImageBackground, InputAccessoryView, InteractionManager, Keyboard, KeyboardAvoidingView, LayoutAnimation, Linking, LogBox, Modal, NativeEventEmitter, NativeModules, PanResponder, PermissionsAndroid, Picker, PixelRatio, Platform, Pressable, ProgressBar, RefreshControl, SafeAreaView, ScrollView, SectionList, Settings, Share, StatusBar, StyleSheet, Switch, Systrace, TVEventHandler, Text, TextInput, ToastAndroid, Touchable, TouchableHighlight, TouchableNativeFeedback, TouchableOpacity, TouchableWithoutFeedback, UIManager, Vibration, View, VirtualizedList, YellowBox, findNodeHandle, processColor, render, unmountComponentAtNode, unstable_createElement, useColorScheme, useLocaleContext, useWindowDimensions)
[Renderer]  @ ./node_modules/react-native-performance/lib/module/index.js 11:52-99
[Renderer]  @ ./src/libs/Performance.js 58:19-54
[Renderer]  @ ./src/libs/actions/App.js 12:0-41 118:2-21 119:2-23
[Renderer]  @ ./src/libs/Navigation/AppNavigator/AuthScreens.js 43:0-41 115:15-31 125:6-17 126:6-34
[Renderer]  @ ./src/libs/Navigation/AppNavigator/index.js 9:22-57
[Renderer]  @ ./src/libs/Navigation/NavigationRoot.js 10:0-42 58:38-50
[Renderer]  @ ./src/Expensify.js 16:0-62 201:79-93
[Renderer]  @ ./src/App.js 11:0-36 40:38-47
[Renderer]  @ ./index.js 7:0-28 11:9-12
[Renderer] 
[Renderer] WARNING in ./node_modules/react-native-svg/lib/module/ReactNativeSVG.web.js 8:22-24
[Renderer] export 'createElement' (imported as 'cE') was not found in 'react-native' (possible exports: AccessibilityInfo, ActivityIndicator, Alert, Animated, AppRegistry, AppState, Appearance, BackHandler, Button, CheckBox, Clipboard, DeviceEventEmitter, DeviceInfo, Dimensions, DrawerLayoutAndroid, Easing, FlatList, I18nManager, Image, ImageBackground, InputAccessoryView, InteractionManager, Keyboard, KeyboardAvoidingView, LayoutAnimation, Linking, LogBox, Modal, NativeEventEmitter, NativeModules, PanResponder, PermissionsAndroid, Picker, PixelRatio, Platform, Pressable, ProgressBar, RefreshControl, SafeAreaView, ScrollView, SectionList, Settings, Share, StatusBar, StyleSheet, Switch, Systrace, TVEventHandler, Text, TextInput, ToastAndroid, Touchable, TouchableHighlight, TouchableNativeFeedback, TouchableOpacity, TouchableWithoutFeedback, UIManager, Vibration, View, VirtualizedList, YellowBox, findNodeHandle, processColor, render, unmountComponentAtNode, unstable_createElement, useColorScheme, useLocaleContext, useWindowDimensions)
[Renderer]  @ ./node_modules/react-native-svg/lib/module/index.js 1:0-33 1:0-33 2:0-43 2:0-43
[Renderer]  @ ./src/components/ReportHeaderSkeletonView.js 7:0-48 38:38-44 42:39-43 47:39-43
[Renderer]  @ ./src/pages/home/ReportScreen.js 44:0-81 257:109-133 274:54-78
[Renderer]  @ ./src/libs/Navigation/AppNavigator/MainDrawerNavigator.js 27:0-60 157:21-33
[Renderer]  @ ./src/libs/Navigation/AppNavigator/AuthScreens.js 217:36-79
[Renderer]  @ ./src/libs/Navigation/AppNavigator/index.js 9:22-57
[Renderer]  @ ./src/libs/Navigation/NavigationRoot.js 10:0-42 58:38-50
[Renderer]  @ ./src/Expensify.js 16:0-62 201:79-93
[Renderer]  @ ./src/App.js 11:0-36 40:38-47
[Renderer]  @ ./index.js 7:0-28 11:9-12
[Renderer] 
[Renderer] WARNING in ./src/libs/actions/Device/getDeviceInfo/getBaseInfo.js 4:17-24
[Renderer] Should not import the named export 'version' (imported as 'version') from default-exporting module (only default export is available soon)
[Renderer]  @ ./src/libs/actions/Device/getDeviceInfo/index.desktop.js 4:0-40 7:55-66
[Renderer]  @ ./src/libs/actions/Device/index.js 8:0-44 54:68-81
[Renderer]  @ ./src/setup/index.js 8:0-49 40:2-20
[Renderer]  @ ./index.js 9:0-45 13:0-18
[Renderer] 
[Renderer] webpack 5.86.0 compiled with 3 warnings in 169044 ms
[Renderer] <w> [webpack.cache.PackFileCacheStrategy/webpack.FileSystemInfo] Managed item /Users/peterzhang isn't a directory or doesn't contain a package.json (see snapshot.managedPaths option)
